<?xml version="1.0" encoding="UTF-8"?>
<!-- Generated by org.testng.reporters.JUnitReportReporter -->
<testsuite skipped="0" hostname="DESKTOP-QDQTL22" name="com.practice.scripts.OrderTest" tests="2" failures="0" timestamp="2020-02-12T16:19:32 IST" time="198.319" errors="0">
  <testcase name="Order" time="121.915" classname="com.practice.scripts.OrderTest"/>
  <testcase name="InvalidOrder" time="76.404" classname="com.practice.scripts.OrderTest"/>
</testsuite> <!-- com.practice.scripts.OrderTest -->
